<?xml version="1.0" encoding="UTF-8"?>
<testng-results skipped="0" failed="0" total="1" passed="1">
  <reporter-output>
  </reporter-output>
  <suite name="Default suite" duration-ms="9537" started-at="2020-09-21T04:39:35Z" finished-at="2020-09-21T04:39:45Z">
    <groups>
    </groups>
    <test name="Default test" duration-ms="9537" started-at="2020-09-21T04:39:35Z" finished-at="2020-09-21T04:39:45Z">
      <class name="test.NewTest">
        <test-method status="PASS" signature="openBrowser()[pri:0, instance:test.NewTest@56cbfb61]" name="openBrowser" duration-ms="9523" started-at="2020-09-21T10:09:35Z" finished-at="2020-09-21T10:09:45Z">
          <reporter-output>
          </reporter-output>
        </test-method> <!-- openBrowser -->
      </class> <!-- test.NewTest -->
    </test> <!-- Default test -->
  </suite> <!-- Default suite -->
</testng-results>
